<?xml version="1.0" encoding="UTF-8"?>
<testsuite name="Eliminar usuario" tests="1" skipped="0" failures="0" errors="0" timestamp="2024-05-20T14:37:06" hostname="DESKTOP-NB0OHFD" time="1.442">
  <properties/>
  <testcase name="Eliminar usuario exitoso" classname="Eliminar usuario" time="1.442"/>
  <system-out><![CDATA[Request method:	POST
Request URI:	https://reqres.in/api/api/users
Proxy:			<none>
Request params:	<none>
Query params:	<none>
Form params:	<none>
Path params:	<none>
Headers:		Accept=*/*
				Content-Type=application/json; charset=UTF-8
Cookies:		<none>
Multiparts:		<none>
Body:
{
    "name": "Roberto",
    "job": "desarrollador"
}
{
    "name": "Roberto",
    "job": "desarrollador",
    "id": "94",
    "createdAt": "2024-05-20T14:37:08.139Z"
}
Request method:	DELETE
Request URI:	https://reqres.in/api/api/users/94
Proxy:			<none>
Request params:	<none>
Query params:	<none>
Form params:	<none>
Path params:	<none>
Headers:		Accept=*/*
Cookies:		<none>
Multiparts:		<none>
Body:			<none>

]]></system-out>
  <system-err><![CDATA[[Test worker] INFO io.cucumber.core.plugin.SerenityReporter - Running feature from file:///D:/Sophos/AtomationRest-main/PracticaSophosRest/src/test/resources/features/eliminar_user.feature
[Test worker] INFO  - 
  _____   ___   ___   _____     ___   _____     _     ___   _____   ___   ___  
 |_   _| | __| / __| |_   _|   / __| |_   _|   /_\   | _ \ |_   _| | __| |   \ 
   | |   | _|  \__ \   | |     \__ \   | |    / _ \  |   /   | |   | _|  | |) |
   |_|   |___| |___/   |_|     |___/   |_|   /_/ \_\ |_|_\   |_|   |___| |___/ 

Eliminar usuario exitoso(eliminar-usuario;eliminar-usuario-exitoso)
--------------------------------------------------------------------------------
[Test worker] INFO net.thucydides.core.model.TestOutcome - SetUserStory Eliminar usuario
[Test worker] INFO net.thucydides.core.model.TestOutcome - SetUserStory Eliminar usuario
[Test worker] INFO net.thucydides.core.model.TestOutcome - SetUserStory Eliminar usuario
[Test worker] INFO net.thucydides.core.model.TestOutcome - SetUserStory Eliminar usuario
[Test worker] INFO net.thucydides.core.model.TestOutcome - SetUserStory Eliminar usuario
[Test worker] INFO net.thucydides.core.model.TestOutcome - SetUserStory Eliminar usuario
[Test worker] INFO net.thucydides.core.model.TestOutcome - SetUserStory Eliminar usuario
[Test worker] INFO net.thucydides.core.model.TestOutcome - SetUserStory Eliminar usuario
[Test worker] INFO net.thucydides.core.model.TestOutcome - SetUserStory Eliminar usuario
[Test worker] INFO net.thucydides.core.model.TestOutcome - SetUserStory Eliminar usuario
[Test worker] INFO net.thucydides.core.model.TestOutcome - SetUserStory Eliminar usuario
[Test worker] INFO net.thucydides.core.model.TestOutcome - SetUserStory Eliminar usuario
[Test worker] INFO  - 
  _____   ___   ___   _____     ___     _     ___   ___   ___   ___  
 |_   _| | __| / __| |_   _|   | _ \   /_\   / __| / __| | __| |   \ 
   | |   | _|  \__ \   | |     |  _/  / _ \  \__ \ \__ \ | _|  | |) |
   |_|   |___| |___/   |_|     |_|   /_/ \_\ |___/ |___/ |___| |___/ 

Eliminar usuario exitoso
----------------------------------------------------------------------
]]></system-err>
</testsuite>
