<?xml version="1.0" encoding="UTF-8"?>
<testsuite name="co.com.certificacion.reqres.runners.CustomRunner" tests="0" skipped="0" failures="0" errors="0" timestamp="1970-01-01T00:00:00" hostname="DESKTOP-NB0OHFD" time="0.0">
  <properties/>
  <system-out><![CDATA[
5 Scenarios (?[32m5 passed?[0m)
19 Steps (?[32m19 passed?[0m)
0m7.442s


]]></system-out>
  <system-err><![CDATA[[Test worker] INFO io.cucumber.core.plugin.SerenityReporter - Running feature from file:///D:/Sophos/AtomationRest-main/PracticaSophosRest/src/test/resources/features/crear_user.feature
[Test worker] INFO  - 

-------------------------------------------------------------------------------------
     _______. _______ .______       _______ .__   __.  __  .___________.____    ____ 
    /       ||   ____||   _  \     |   ____||  \ |  | |  | |           |\   \  /   / 
   |   (----`|  |__   |  |_)  |    |  |__   |   \|  | |  | `---|  |----` \   \/   /  
    \   \    |   __|  |      /     |   __|  |  . `  | |  |     |  |       \_    _/   
.----)   |   |  |____ |  |\  \----.|  |____ |  |\   | |  |     |  |         |  |     
|_______/    |_______|| _| `._____||_______||__| \__| |__|     |__|         |__|    
                                                                                     
 News and tutorials at http://www.serenity-bdd.info                                  
 Documentation at https://wakaleo.gitbooks.io/the-serenity-book/content/             
 Join the Serenity Community on Gitter: https://gitter.im/serenity-bdd/serenity-core 
 Serenity BDD Support and Training at http://serenity-bdd.info/#/trainingandsupport  
-------------------------------------------------------------------------------------

[Test worker] INFO  - Test Suite Started: Crear usuario
[Test worker] INFO io.cucumber.core.plugin.SerenityReporter - Running feature from file:///D:/Sophos/AtomationRest-main/PracticaSophosRest/src/test/resources/features/eliminar_user.feature
[Test worker] INFO  - Test Suite Started: Eliminar usuario
[Test worker] INFO io.cucumber.core.plugin.SerenityReporter - Running feature from file:///D:/Sophos/AtomationRest-main/PracticaSophosRest/src/test/resources/features/obtener_users.feature
[Test worker] INFO  - Test Suite Started: Obtener usuario
[pool-1-thread-5] INFO net.thucydides.core.reports.ReportService - net.thucydides.core.reports.json.JSONTestOutcomeReporter@1ce795f2: Generating report for test outcome: Obtener usuario:Obtener usuario por id fallido
[pool-1-thread-3] INFO net.thucydides.core.reports.ReportService - net.thucydides.core.reports.json.JSONTestOutcomeReporter@1ce795f2: Generating report for test outcome: Obtener usuario:Obtener listado de usuarios
[pool-1-thread-1] INFO net.thucydides.core.reports.ReportService - net.thucydides.core.reports.json.JSONTestOutcomeReporter@1ce795f2: Generating report for test outcome: Crear usuario:Crear usuario exitoso
[pool-1-thread-4] INFO net.thucydides.core.reports.ReportService - net.thucydides.core.reports.json.JSONTestOutcomeReporter@1ce795f2: Generating report for test outcome: Obtener usuario:Obtener usuario por id exitoso
[pool-1-thread-2] INFO net.thucydides.core.reports.ReportService - net.thucydides.core.reports.json.JSONTestOutcomeReporter@1ce795f2: Generating report for test outcome: Eliminar usuario:Eliminar usuario exitoso
[pool-2-thread-1] INFO net.thucydides.core.reports.ReportService - net.thucydides.core.reports.html.HtmlAcceptanceTestReporter@70b7d250: Generating report for test outcome: Crear usuario:Crear usuario exitoso
[pool-2-thread-2] INFO net.thucydides.core.reports.ReportService - net.thucydides.core.reports.html.HtmlAcceptanceTestReporter@70b7d250: Generating report for test outcome: Eliminar usuario:Eliminar usuario exitoso
[pool-2-thread-3] INFO net.thucydides.core.reports.ReportService - net.thucydides.core.reports.html.HtmlAcceptanceTestReporter@70b7d250: Generating report for test outcome: Obtener usuario:Obtener listado de usuarios
[pool-2-thread-4] INFO net.thucydides.core.reports.ReportService - net.thucydides.core.reports.html.HtmlAcceptanceTestReporter@70b7d250: Generating report for test outcome: Obtener usuario:Obtener usuario por id exitoso
[pool-2-thread-5] INFO net.thucydides.core.reports.ReportService - net.thucydides.core.reports.html.HtmlAcceptanceTestReporter@70b7d250: Generating report for test outcome: Obtener usuario:Obtener usuario por id fallido
[Test worker] INFO io.cucumber.core.plugin.SerenityReporter - Cleanup test resources for URI file:///D:/Sophos/AtomationRest-main/PracticaSophosRest/src/test/resources/features/crear_user.feature
[Test worker] INFO io.cucumber.core.plugin.SerenityReporter - Cleanup test resources for URI file:///D:/Sophos/AtomationRest-main/PracticaSophosRest/src/test/resources/features/eliminar_user.feature
[Test worker] INFO io.cucumber.core.plugin.SerenityReporter - Cleanup test resources for URI file:///D:/Sophos/AtomationRest-main/PracticaSophosRest/src/test/resources/features/obtener_users.feature
]]></system-err>
</testsuite>
